<?xml version="1.0" encoding="UTF-8"?>
<!-- Generated by org.testng.reporters.JUnitReportReporter -->
<testsuite hostname="DESKTOP-QQJINFP" failures="0" tests="1" name="Edit.EducacionIT_63596.AccesoABaseDeDatosTest" time="0.437" errors="0" timestamp="2023-05-10T20:45:53 ART" skipped="0">
  <testcase classname="Edit.EducacionIT_63596.AccesoABaseDeDatosTest" name="testBaseDeDatos" time="0.437"/>
  <system-out/>
</testsuite> <!-- Edit.EducacionIT_63596.AccesoABaseDeDatosTest -->
