<?xml version="1.0" encoding="UTF-8"?>
<!-- Generated by org.testng.reporters.JUnitReportReporter -->
<testsuite hostname="DESKTOP-QQJINFP" failures="0" tests="4" name="pruebas.Clase9Test" time="5.626" errors="0" timestamp="2023-05-10T20:22:45 ART" skipped="0">
  <testcase classname="pruebas.Clase9Test" name="alertaConText" time="0.124"/>
  <system-out/>
  <testcase classname="pruebas.Clase9Test" name="alertaNotificacion" time="0.093"/>
  <system-out/>
  <testcase classname="pruebas.Clase9Test" name="alertaDemorada" time="5.252"/>
  <system-out/>
  <testcase classname="pruebas.Clase9Test" name="alertaConfirmacion" time="0.157"/>
  <system-out/>
</testsuite> <!-- pruebas.Clase9Test -->
