<?xml version="1.0" encoding="UTF-8"?>
<!-- Generated by org.testng.reporters.JUnitReportReporter -->
<testsuite hostname="DESKTOP-QQJINFP" failures="0" tests="1" name="Edit.EducacionIT_63596.Clase4" time="19.484" errors="0" timestamp="2023-05-05T21:34:46 ART" skipped="0">
  <testcase classname="Edit.EducacionIT_63596.Clase4" name="registrarUsuario" time="19.484"/>
  <system-out/>
</testsuite> <!-- Edit.EducacionIT_63596.Clase4 -->
