<?xml version="1.0" encoding="UTF-8"?>
<!-- Generated by org.testng.reporters.JUnitReportReporter -->
<testsuite hostname="DESKTOP-QQJINFP" failures="0" tests="10" name="pruebas.Clase8Test" time="19.308" errors="0" timestamp="2023-05-10T21:10:44 ART" skipped="0">
  <testcase classname="pruebas.Clase8Test" name="iniciarSesion" time="1.827"/>
  <system-out/>
  <testcase classname="pruebas.Clase8Test" name="iniciarSesion" time="1.537"/>
  <system-out/>
  <testcase classname="pruebas.Clase8Test" name="iniciarSesion" time="1.935"/>
  <system-out/>
  <testcase classname="pruebas.Clase8Test" name="iniciarSesion" time="2.191"/>
  <system-out/>
  <testcase classname="pruebas.Clase8Test" name="iniciarSesion" time="2.060"/>
  <system-out/>
  <testcase classname="pruebas.Clase8Test" name="iniciarSesion" time="2.639"/>
  <system-out/>
  <testcase classname="pruebas.Clase8Test" name="iniciarSesion" time="1.630"/>
  <system-out/>
  <testcase classname="pruebas.Clase8Test" name="iniciarSesion" time="1.490"/>
  <system-out/>
  <testcase classname="pruebas.Clase8Test" name="iniciarSesion" time="1.783"/>
  <system-out/>
  <testcase classname="pruebas.Clase8Test" name="iniciarSesion" time="2.216"/>
  <system-out/>
</testsuite> <!-- pruebas.Clase8Test -->
