<?xml version="1.0" encoding="UTF-8"?>
<!-- Generated by org.testng.reporters.JUnitReportReporter -->
<testsuite hostname="DESKTOP-QQJINFP" failures="0" tests="2" name="pruebas.IniciarSesionTest" time="3.837" errors="0" timestamp="2023-05-10T21:10:44 ART" skipped="0">
  <testcase classname="pruebas.IniciarSesionTest" name="buscarPalabra" time="1.868"/>
  <system-out/>
  <testcase classname="pruebas.IniciarSesionTest" name="iniciarSesion" time="1.969"/>
  <system-out/>
</testsuite> <!-- pruebas.IniciarSesionTest -->
