<?xml version="1.0" encoding="UTF-8"?>
<!-- Generated by org.testng.reporters.JUnitReportReporter -->
<testsuite hostname="DESKTOP-QQJINFP" failures="0" tests="1" name="Edit.EducacionIT_63596.AppTest" time="0.002" errors="0" timestamp="2023-05-10T21:10:44 ART" skipped="0">
  <testcase classname="Edit.EducacionIT_63596.AppTest" name="shouldAnswerWithTrue" time="0.002"/>
  <system-out/>
</testsuite> <!-- Edit.EducacionIT_63596.AppTest -->
